2023-03-31 14:57:29.271 [main] INFO  com.zcw.demoslf4j.DemoSlf4jApplication - Starting DemoSlf4jApplication using Java 1.8.0_311 on LAPTOP-89JUTCMV with PID 18904 (D:\CS学习资料\dljd-springboot\demo-Slf4j\target\classes started by zhangchenwei in D:\CS学习资料\dljd-springboot\springboot-001)
2023-03-31 14:57:29.275 [main] INFO  com.zcw.demoslf4j.DemoSlf4jApplication - No active profile set, falling back to 1 default profile: "default"
2023-03-31 14:57:30.456 [main] INFO  o.s.boot.web.embedded.tomcat.TomcatWebServer - Tomcat initialized with port(s): 8080 (http)
2023-03-31 14:57:30.468 [main] INFO  org.apache.coyote.http11.Http11NioProtocol - Initializing ProtocolHandler ["http-nio-8080"]
2023-03-31 14:57:30.470 [main] INFO  org.apache.catalina.core.StandardService - Starting service [Tomcat]
2023-03-31 14:57:30.470 [main] INFO  org.apache.catalina.core.StandardEngine - Starting Servlet engine: [Apache Tomcat/9.0.71]
2023-03-31 14:57:30.681 [main] INFO  o.a.c.core.ContainerBase.[Tomcat].[localhost].[/] - Initializing Spring embedded WebApplicationContext
2023-03-31 14:57:30.681 [main] INFO  o.s.b.w.s.c.ServletWebServerApplicationContext - Root WebApplicationContext: initialization completed in 1347 ms
2023-03-31 14:57:31.086 [main] INFO  org.apache.coyote.http11.Http11NioProtocol - Starting ProtocolHandler ["http-nio-8080"]
2023-03-31 14:57:31.102 [main] WARN  o.s.b.w.s.c.AnnotationConfigServletWebServerApplicationContext - Exception encountered during context initialization - cancelling refresh attempt: org.springframework.context.ApplicationContextException: Failed to start bean 'webServerStartStop'; nested exception is org.springframework.boot.web.server.PortInUseException: Port 8080 is already in use
2023-03-31 14:57:31.107 [main] INFO  org.apache.coyote.http11.Http11NioProtocol - Pausing ProtocolHandler ["http-nio-8080"]
2023-03-31 14:57:31.107 [main] INFO  org.apache.catalina.core.StandardService - Stopping service [Tomcat]
2023-03-31 14:57:31.112 [main] INFO  org.apache.coyote.http11.Http11NioProtocol - Stopping ProtocolHandler ["http-nio-8080"]
2023-03-31 14:57:31.113 [main] INFO  org.apache.coyote.http11.Http11NioProtocol - Destroying ProtocolHandler ["http-nio-8080"]
2023-03-31 14:57:31.122 [main] INFO  o.s.b.a.l.ConditionEvaluationReportLoggingListener - 

Error starting ApplicationContext. To display the conditions report re-run your application with 'debug' enabled.
2023-03-31 14:57:31.149 [main] ERROR o.s.b.diagnostics.LoggingFailureAnalysisReporter - 

***************************
APPLICATION FAILED TO START
***************************

Description:

Web server failed to start. Port 8080 was already in use.

Action:

Identify and stop the process that's listening on port 8080 or configure this application to listen on another port.

2023-03-31 14:58:08.364 [main] INFO  com.zcw.demoslf4j.DemoSlf4jApplication - Starting DemoSlf4jApplication using Java 1.8.0_311 on LAPTOP-89JUTCMV with PID 27072 (D:\CS学习资料\dljd-springboot\demo-Slf4j\target\classes started by zhangchenwei in D:\CS学习资料\dljd-springboot\springboot-001)
2023-03-31 14:58:08.367 [main] INFO  com.zcw.demoslf4j.DemoSlf4jApplication - No active profile set, falling back to 1 default profile: "default"
2023-03-31 14:58:09.341 [main] INFO  o.s.boot.web.embedded.tomcat.TomcatWebServer - Tomcat initialized with port(s): 8080 (http)
2023-03-31 14:58:09.350 [main] INFO  org.apache.coyote.http11.Http11NioProtocol - Initializing ProtocolHandler ["http-nio-8080"]
2023-03-31 14:58:09.351 [main] INFO  org.apache.catalina.core.StandardService - Starting service [Tomcat]
2023-03-31 14:58:09.351 [main] INFO  org.apache.catalina.core.StandardEngine - Starting Servlet engine: [Apache Tomcat/9.0.71]
2023-03-31 14:58:09.507 [main] INFO  o.a.c.core.ContainerBase.[Tomcat].[localhost].[/] - Initializing Spring embedded WebApplicationContext
2023-03-31 14:58:09.507 [main] INFO  o.s.b.w.s.c.ServletWebServerApplicationContext - Root WebApplicationContext: initialization completed in 1087 ms
2023-03-31 14:58:09.845 [main] INFO  org.apache.coyote.http11.Http11NioProtocol - Starting ProtocolHandler ["http-nio-8080"]
2023-03-31 14:58:09.851 [main] WARN  o.s.b.w.s.c.AnnotationConfigServletWebServerApplicationContext - Exception encountered during context initialization - cancelling refresh attempt: org.springframework.context.ApplicationContextException: Failed to start bean 'webServerStartStop'; nested exception is org.springframework.boot.web.server.PortInUseException: Port 8080 is already in use
2023-03-31 14:58:09.855 [main] INFO  org.apache.coyote.http11.Http11NioProtocol - Pausing ProtocolHandler ["http-nio-8080"]
2023-03-31 14:58:09.855 [main] INFO  org.apache.catalina.core.StandardService - Stopping service [Tomcat]
2023-03-31 14:58:09.870 [main] INFO  org.apache.coyote.http11.Http11NioProtocol - Stopping ProtocolHandler ["http-nio-8080"]
2023-03-31 14:58:09.870 [main] INFO  org.apache.coyote.http11.Http11NioProtocol - Destroying ProtocolHandler ["http-nio-8080"]
2023-03-31 14:58:09.878 [main] INFO  o.s.b.a.l.ConditionEvaluationReportLoggingListener - 

Error starting ApplicationContext. To display the conditions report re-run your application with 'debug' enabled.
2023-03-31 14:58:09.899 [main] ERROR o.s.b.diagnostics.LoggingFailureAnalysisReporter - 

***************************
APPLICATION FAILED TO START
***************************

Description:

Web server failed to start. Port 8080 was already in use.

Action:

Identify and stop the process that's listening on port 8080 or configure this application to listen on another port.

